  stdafx.cpp
c:\program files (x86)\microsoft visual studio 14.0\vc\atlmfc\include\afx.h(38): warning C4996: 'MBCS_Support_Deprecated_In_MFC': MBCS support in MFC is deprecated and may be removed in a future version of MFC.
  c:\program files (x86)\microsoft visual studio 14.0\vc\atlmfc\include\afx.h(33): note: 'MBCS_Support_Deprecated_In_MFC' 선언을 참조하십시오.
  XFile.cpp
  OffLineThicknessDlg.cpp
c:\projects\offline thickness\[1]offlinethickness\offlinethickness\chartviewer.h(11): fatal error C1083: 포함 파일을 열 수 없습니다. 'chartdir.h': No such file or directory
  OffLineThickness.cpp
c:\projects\offline thickness\[1]offlinethickness\offlinethickness\chartviewer.h(11): fatal error C1083: 포함 파일을 열 수 없습니다. 'chartdir.h': No such file or directory
  KeyenceSenser.cpp
c:\projects\offline thickness\[1]offlinethickness\offlinethickness\keyencesenser.h(3): fatal error C1083: 포함 파일을 열 수 없습니다. 'CL3_IF.h': No such file or directory
  ini.cpp
c:\projects\offline thickness\[1]offlinethickness\offlinethickness\ini.cpp(24): warning C4996: '_splitpath': This function or variable may be unsafe. Consider using _splitpath_s instead. To disable deprecation, use _CRT_SECURE_NO_WARNINGS. See online help for details.
  c:\program files (x86)\windows kits\10\include\10.0.10240.0\ucrt\stdlib.h(1096): note: '_splitpath' 선언을 참조하십시오.
c:\projects\offline thickness\[1]offlinethickness\offlinethickness\ini.cpp(34): warning C4996: '_splitpath': This function or variable may be unsafe. Consider using _splitpath_s instead. To disable deprecation, use _CRT_SECURE_NO_WARNINGS. See online help for details.
  c:\program files (x86)\windows kits\10\include\10.0.10240.0\ucrt\stdlib.h(1096): note: '_splitpath' 선언을 참조하십시오.
c:\projects\offline thickness\[1]offlinethickness\offlinethickness\ini.cpp(55): warning C4996: '_splitpath': This function or variable may be unsafe. Consider using _splitpath_s instead. To disable deprecation, use _CRT_SECURE_NO_WARNINGS. See online help for details.
  c:\program files (x86)\windows kits\10\include\10.0.10240.0\ucrt\stdlib.h(1096): note: '_splitpath' 선언을 참조하십시오.
c:\projects\offline thickness\[1]offlinethickness\offlinethickness\ini.cpp(203): warning C4996: 'sscanf': This function or variable may be unsafe. Consider using sscanf_s instead. To disable deprecation, use _CRT_SECURE_NO_WARNINGS. See online help for details.
  c:\program files (x86)\windows kits\10\include\10.0.10240.0\ucrt\stdio.h(2254): note: 'sscanf' 선언을 참조하십시오.
c:\projects\offline thickness\[1]offlinethickness\offlinethickness\ini.cpp(215): warning C4996: 'sscanf': This function or variable may be unsafe. Consider using sscanf_s instead. To disable deprecation, use _CRT_SECURE_NO_WARNINGS. See online help for details.
  c:\program files (x86)\windows kits\10\include\10.0.10240.0\ucrt\stdio.h(2254): note: 'sscanf' 선언을 참조하십시오.
c:\projects\offline thickness\[1]offlinethickness\offlinethickness\ini.cpp(229): warning C4996: 'sscanf': This function or variable may be unsafe. Consider using sscanf_s instead. To disable deprecation, use _CRT_SECURE_NO_WARNINGS. See online help for details.
  c:\program files (x86)\windows kits\10\include\10.0.10240.0\ucrt\stdio.h(2254): note: 'sscanf' 선언을 참조하십시오.
  ChartViewer.cpp
c:\projects\offline thickness\[1]offlinethickness\offlinethickness\chartviewer.h(11): fatal error C1083: 포함 파일을 열 수 없습니다. 'chartdir.h': No such file or directory
  코드를 생성하고 있습니다...
