c:\projects\offline thickness\[3_2]offlinethickness savefile thread으로 돌리기\offlinethickness\debug\offlinethickness.pch.codeanalysis
c:\projects\offline thickness\[3_2]offlinethickness savefile thread으로 돌리기\offlinethickness\debug\vc140.pdb
c:\projects\offline thickness\[3_2]offlinethickness savefile thread으로 돌리기\offlinethickness\debug\vc140.idb
c:\projects\offline thickness\[3_2]offlinethickness savefile thread으로 돌리기\offlinethickness\debug\offlinethickness.pch.codeanalysisast
c:\projects\offline thickness\[3_2]offlinethickness savefile thread으로 돌리기\offlinethickness\debug\stdafx.nativecodeanalysis.xml
c:\projects\offline thickness\[3_2]offlinethickness savefile thread으로 돌리기\offlinethickness\debug\stdafx.obj
c:\projects\offline thickness\[3_2]offlinethickness savefile thread으로 돌리기\offlinethickness\debug\offlinethickness.pch
c:\projects\offline thickness\[3_2]offlinethickness savefile thread으로 돌리기\offlinethickness\debug\chartviewer.nativecodeanalysis.xml
c:\projects\offline thickness\[3_2]offlinethickness savefile thread으로 돌리기\offlinethickness\debug\ini.nativecodeanalysis.xml
c:\projects\offline thickness\[3_2]offlinethickness savefile thread으로 돌리기\offlinethickness\debug\keyencesenser.nativecodeanalysis.xml
c:\projects\offline thickness\[3_2]offlinethickness savefile thread으로 돌리기\offlinethickness\debug\label.nativecodeanalysis.xml
c:\projects\offline thickness\[3_2]offlinethickness savefile thread으로 돌리기\offlinethickness\debug\motionpas.nativecodeanalysis.xml
c:\projects\offline thickness\[3_2]offlinethickness savefile thread으로 돌리기\offlinethickness\debug\offlinethickness.nativecodeanalysis.xml
c:\projects\offline thickness\[3_2]offlinethickness savefile thread으로 돌리기\offlinethickness\debug\offlinethicknessdlg.nativecodeanalysis.xml
c:\projects\offline thickness\[3_2]offlinethickness savefile thread으로 돌리기\offlinethickness\debug\pch.nativecodeanalysis.xml
c:\projects\offline thickness\[3_2]offlinethickness savefile thread으로 돌리기\offlinethickness\debug\xfile.nativecodeanalysis.xml
c:\projects\offline thickness\[3_2]offlinethickness savefile thread으로 돌리기\offlinethickness\debug\xfile.obj
c:\projects\offline thickness\[3_2]offlinethickness savefile thread으로 돌리기\offlinethickness\debug\pch.obj
c:\projects\offline thickness\[3_2]offlinethickness savefile thread으로 돌리기\offlinethickness\debug\offlinethicknessdlg.obj
c:\projects\offline thickness\[3_2]offlinethickness savefile thread으로 돌리기\offlinethickness\debug\offlinethickness.obj
c:\projects\offline thickness\[3_2]offlinethickness savefile thread으로 돌리기\offlinethickness\debug\motionpas.obj
c:\projects\offline thickness\[3_2]offlinethickness savefile thread으로 돌리기\offlinethickness\debug\label.obj
c:\projects\offline thickness\[3_2]offlinethickness savefile thread으로 돌리기\offlinethickness\debug\keyencesenser.obj
c:\projects\offline thickness\[3_2]offlinethickness savefile thread으로 돌리기\offlinethickness\debug\ini.obj
c:\projects\offline thickness\[3_2]offlinethickness savefile thread으로 돌리기\offlinethickness\debug\chartviewer.obj
c:\projects\offline thickness\[3_2]offlinethickness savefile thread으로 돌리기\debug\offlinethickness.ilk
c:\projects\offline thickness\[3_2]offlinethickness savefile thread으로 돌리기\debug\offlinethickness.exe
c:\projects\offline thickness\[3_2]offlinethickness savefile thread으로 돌리기\debug\offlinethickness.pdb
c:\projects\offline thickness\[3_2]offlinethickness savefile thread으로 돌리기\offlinethickness\debug\offlinethickness.res
c:\projects\offline thickness\[3_2]offlinethickness savefile thread으로 돌리기\offlinethickness\debug\nativecodeanalysis.read.1.tlog
c:\projects\offline thickness\[3_2]offlinethickness savefile thread으로 돌리기\offlinethickness\debug\vc.nativecodeanalysis.all.xml
c:\projects\offline thickness\[3_2]offlinethickness savefile thread으로 돌리기\debug\offlinethickness.exe.lastcodeanalysissucceeded
c:\projects\offline thickness\[3_2]offlinethickness savefile thread으로 돌리기\offlinethickness\debug\offlinethickness.tlog\cl.command.1.tlog
c:\projects\offline thickness\[3_2]offlinethickness savefile thread으로 돌리기\offlinethickness\debug\offlinethickness.tlog\cl.read.1.tlog
c:\projects\offline thickness\[3_2]offlinethickness savefile thread으로 돌리기\offlinethickness\debug\offlinethickness.tlog\cl.write.1.tlog
c:\projects\offline thickness\[3_2]offlinethickness savefile thread으로 돌리기\offlinethickness\debug\offlinethickness.tlog\link.command.1.tlog
c:\projects\offline thickness\[3_2]offlinethickness savefile thread으로 돌리기\offlinethickness\debug\offlinethickness.tlog\link.read.1.tlog
c:\projects\offline thickness\[3_2]offlinethickness savefile thread으로 돌리기\offlinethickness\debug\offlinethickness.tlog\link.write.1.tlog
c:\projects\offline thickness\[3_2]offlinethickness savefile thread으로 돌리기\offlinethickness\debug\offlinethickness.tlog\rc.command.1.tlog
c:\projects\offline thickness\[3_2]offlinethickness savefile thread으로 돌리기\offlinethickness\debug\offlinethickness.tlog\rc.read.1.tlog
c:\projects\offline thickness\[3_2]offlinethickness savefile thread으로 돌리기\offlinethickness\debug\offlinethickness.tlog\rc.write.1.tlog
