C:\Program Files (x86)\MSBuild\Microsoft.Cpp\v4.0\V140\Microsoft.CppBuild.targets(392,5): warning MSB8028: The intermediate directory (Debug\) contains files shared from another project (ThicknessServer.vcxproj).  This can lead to incorrect clean and rebuild behavior.
  stdafx.cpp
c:\program files (x86)\microsoft visual studio 14.0\vc\atlmfc\include\afx.h(38): warning C4996: 'MBCS_Support_Deprecated_In_MFC': MBCS support in MFC is deprecated and may be removed in a future version of MFC.
  c:\program files (x86)\microsoft visual studio 14.0\vc\atlmfc\include\afx.h(33): note: 'MBCS_Support_Deprecated_In_MFC' 선언을 참조하십시오.
  XFile.cpp
  TW_Button.cpp
  pch.cpp
  OffLineThicknessDlg.cpp
c:\projects\offline thickness\[5]속도 기능 추가\offlinethickness\label.h(21): warning C4091: 'static ': 변수를 선언하지 않으면 'CLabel::LinkStyle' 왼쪽은 무시됩니다.
c:\projects\offline thickness\[5]속도 기능 추가\offlinethickness\label.h(22): warning C4091: 'static ': 변수를 선언하지 않으면 'CLabel::FlashType' 왼쪽은 무시됩니다.
c:\projects\offline thickness\[5]속도 기능 추가\offlinethickness\label.h(23): warning C4091: 'static ': 변수를 선언하지 않으면 'CLabel::Type3D' 왼쪽은 무시됩니다.
c:\projects\offline thickness\[5]속도 기능 추가\offlinethickness\label.h(24): warning C4091: 'static ': 변수를 선언하지 않으면 'CLabel::BackFillMode' 왼쪽은 무시됩니다.
c:\projects\offline thickness\[5]속도 기능 추가\offlinethickness\offlinethicknessdlg.cpp(416): warning C4996: 'fopen': This function or variable may be unsafe. Consider using fopen_s instead. To disable deprecation, use _CRT_SECURE_NO_WARNINGS. See online help for details.
  c:\program files (x86)\windows kits\10\include\10.0.10240.0\ucrt\stdio.h(205): note: 'fopen' 선언을 참조하십시오.
c:\projects\offline thickness\[5]속도 기능 추가\offlinethickness\offlinethicknessdlg.cpp(749): warning C4996: 'sprintf': This function or variable may be unsafe. Consider using sprintf_s instead. To disable deprecation, use _CRT_SECURE_NO_WARNINGS. See online help for details.
  c:\program files (x86)\windows kits\10\include\10.0.10240.0\ucrt\stdio.h(1769): note: 'sprintf' 선언을 참조하십시오.
c:\projects\offline thickness\[5]속도 기능 추가\offlinethickness\offlinethicknessdlg.cpp(754): warning C4996: 'sprintf': This function or variable may be unsafe. Consider using sprintf_s instead. To disable deprecation, use _CRT_SECURE_NO_WARNINGS. See online help for details.
  c:\program files (x86)\windows kits\10\include\10.0.10240.0\ucrt\stdio.h(1769): note: 'sprintf' 선언을 참조하십시오.
c:\projects\offline thickness\[5]속도 기능 추가\offlinethickness\offlinethicknessdlg.cpp(759): warning C4996: 'sprintf': This function or variable may be unsafe. Consider using sprintf_s instead. To disable deprecation, use _CRT_SECURE_NO_WARNINGS. See online help for details.
  c:\program files (x86)\windows kits\10\include\10.0.10240.0\ucrt\stdio.h(1769): note: 'sprintf' 선언을 참조하십시오.
c:\projects\offline thickness\[5]속도 기능 추가\offlinethickness\offlinethicknessdlg.cpp(1149): warning C4101: 'buf' :참조되지 않은 지역 변수입니다.
c:\projects\offline thickness\[5]속도 기능 추가\offlinethickness\offlinethicknessdlg.cpp(1299): warning C4244: '인수': 'double'에서 'int'(으)로 변환하면서 데이터가 손실될 수 있습니다.
c:\projects\offline thickness\[5]속도 기능 추가\offlinethickness\offlinethicknessdlg.cpp(1300): warning C4244: '인수': 'double'에서 'int'(으)로 변환하면서 데이터가 손실될 수 있습니다.
c:\projects\offline thickness\[5]속도 기능 추가\offlinethickness\offlinethicknessdlg.cpp(1407): warning C4244: '인수': 'double'에서 'int'(으)로 변환하면서 데이터가 손실될 수 있습니다.
c:\projects\offline thickness\[5]속도 기능 추가\offlinethickness\offlinethicknessdlg.cpp(1414): warning C4244: '인수': 'double'에서 'int'(으)로 변환하면서 데이터가 손실될 수 있습니다.
c:\projects\offline thickness\[5]속도 기능 추가\offlinethickness\offlinethicknessdlg.cpp(1415): warning C4244: '인수': 'double'에서 'int'(으)로 변환하면서 데이터가 손실될 수 있습니다.
c:\projects\offline thickness\[5]속도 기능 추가\offlinethickness\offlinethicknessdlg.cpp(1467): warning C4101: 'ThicknessArr' :참조되지 않은 지역 변수입니다.
  OffLineThickness.cpp
c:\projects\offline thickness\[5]속도 기능 추가\offlinethickness\label.h(21): warning C4091: 'static ': 변수를 선언하지 않으면 'CLabel::LinkStyle' 왼쪽은 무시됩니다.
c:\projects\offline thickness\[5]속도 기능 추가\offlinethickness\label.h(22): warning C4091: 'static ': 변수를 선언하지 않으면 'CLabel::FlashType' 왼쪽은 무시됩니다.
c:\projects\offline thickness\[5]속도 기능 추가\offlinethickness\label.h(23): warning C4091: 'static ': 변수를 선언하지 않으면 'CLabel::Type3D' 왼쪽은 무시됩니다.
c:\projects\offline thickness\[5]속도 기능 추가\offlinethickness\label.h(24): warning C4091: 'static ': 변수를 선언하지 않으면 'CLabel::BackFillMode' 왼쪽은 무시됩니다.
  MotionPAS.cpp
c:\projects\offline thickness\[5]속도 기능 추가\offlinethickness\label.h(21): warning C4091: 'static ': 변수를 선언하지 않으면 'CLabel::LinkStyle' 왼쪽은 무시됩니다.
c:\projects\offline thickness\[5]속도 기능 추가\offlinethickness\label.h(22): warning C4091: 'static ': 변수를 선언하지 않으면 'CLabel::FlashType' 왼쪽은 무시됩니다.
c:\projects\offline thickness\[5]속도 기능 추가\offlinethickness\label.h(23): warning C4091: 'static ': 변수를 선언하지 않으면 'CLabel::Type3D' 왼쪽은 무시됩니다.
c:\projects\offline thickness\[5]속도 기능 추가\offlinethickness\label.h(24): warning C4091: 'static ': 변수를 선언하지 않으면 'CLabel::BackFillMode' 왼쪽은 무시됩니다.
c:\projects\offline thickness\[5]속도 기능 추가\offlinethickness\motionpas.cpp(114): warning C4101: 'lIncPos' :참조되지 않은 지역 변수입니다.
c:\projects\offline thickness\[5]속도 기능 추가\offlinethickness\motionpas.cpp(112): warning C4101: 'dwInput' :참조되지 않은 지역 변수입니다.
c:\projects\offline thickness\[5]속도 기능 추가\offlinethickness\motionpas.cpp(114): warning C4101: 'lVelocity' :참조되지 않은 지역 변수입니다.
c:\projects\offline thickness\[5]속도 기능 추가\offlinethickness\motionpas.cpp(114): warning C4101: 'lAbsPos' :참조되지 않은 지역 변수입니다.
c:\projects\offline thickness\[5]속도 기능 추가\offlinethickness\motionpas.cpp(219): warning C4244: '인수': 'double'에서 'DWORD'(으)로 변환하면서 데이터가 손실될 수 있습니다.
c:\projects\offline thickness\[5]속도 기능 추가\offlinethickness\motionpas.cpp(206): warning C4101: 'lIncPos' :참조되지 않은 지역 변수입니다.
c:\projects\offline thickness\[5]속도 기능 추가\offlinethickness\motionpas.cpp(204): warning C4101: 'dwInput' :참조되지 않은 지역 변수입니다.
c:\projects\offline thickness\[5]속도 기능 추가\offlinethickness\motionpas.cpp(206): warning C4101: 'lVelocity' :참조되지 않은 지역 변수입니다.
c:\projects\offline thickness\[5]속도 기능 추가\offlinethickness\motionpas.cpp(206): warning C4101: 'lAbsPos' :참조되지 않은 지역 변수입니다.
c:\projects\offline thickness\[5]속도 기능 추가\offlinethickness\motionpas.cpp(409): warning C4101: 'PosValue' :참조되지 않은 지역 변수입니다.
  Label.cpp
c:\projects\offline thickness\[5]속도 기능 추가\offlinethickness\label.h(21): warning C4091: 'static ': 변수를 선언하지 않으면 'CLabel::LinkStyle' 왼쪽은 무시됩니다.
c:\projects\offline thickness\[5]속도 기능 추가\offlinethickness\label.h(22): warning C4091: 'static ': 변수를 선언하지 않으면 'CLabel::FlashType' 왼쪽은 무시됩니다.
c:\projects\offline thickness\[5]속도 기능 추가\offlinethickness\label.h(23): warning C4091: 'static ': 변수를 선언하지 않으면 'CLabel::Type3D' 왼쪽은 무시됩니다.
c:\projects\offline thickness\[5]속도 기능 추가\offlinethickness\label.h(24): warning C4091: 'static ': 변수를 선언하지 않으면 'CLabel::BackFillMode' 왼쪽은 무시됩니다.
c:\projects\offline thickness\[5]속도 기능 추가\offlinethickness\label.cpp(343): warning C4305: '인수': 'int'에서 'char'(으)로 잘립니다.
c:\projects\offline thickness\[5]속도 기능 추가\offlinethickness\label.cpp(343): warning C4309: '인수': 상수 값이 잘립니다.
  KeyenceSenser.cpp
c:\projects\offline thickness\[5]속도 기능 추가\offlinethickness\label.h(21): warning C4091: 'static ': 변수를 선언하지 않으면 'CLabel::LinkStyle' 왼쪽은 무시됩니다.
c:\projects\offline thickness\[5]속도 기능 추가\offlinethickness\label.h(22): warning C4091: 'static ': 변수를 선언하지 않으면 'CLabel::FlashType' 왼쪽은 무시됩니다.
c:\projects\offline thickness\[5]속도 기능 추가\offlinethickness\label.h(23): warning C4091: 'static ': 변수를 선언하지 않으면 'CLabel::Type3D' 왼쪽은 무시됩니다.
c:\projects\offline thickness\[5]속도 기능 추가\offlinethickness\label.h(24): warning C4091: 'static ': 변수를 선언하지 않으면 'CLabel::BackFillMode' 왼쪽은 무시됩니다.
c:\projects\offline thickness\[5]속도 기능 추가\offlinethickness\keyencesenser.cpp(130): warning C4800: 'bool *': 'true' 또는 'false'로 bool 값을 강제하고 있습니다(성능 경고).
c:\projects\offline thickness\[5]속도 기능 추가\offlinethickness\keyencesenser.cpp(163): warning C4244: '초기화 중': 'double'에서 'LONG'(으)로 변환하면서 데이터가 손실될 수 있습니다.
c:\projects\offline thickness\[5]속도 기능 추가\offlinethickness\keyencesenser.cpp(229): warning C4101: 'nEndTriggerCount' :참조되지 않은 지역 변수입니다.
  KeyenceParam.cpp
c:\projects\offline thickness\[5]속도 기능 추가\offlinethickness\label.h(21): warning C4091: 'static ': 변수를 선언하지 않으면 'CLabel::LinkStyle' 왼쪽은 무시됩니다.
c:\projects\offline thickness\[5]속도 기능 추가\offlinethickness\label.h(22): warning C4091: 'static ': 변수를 선언하지 않으면 'CLabel::FlashType' 왼쪽은 무시됩니다.
c:\projects\offline thickness\[5]속도 기능 추가\offlinethickness\label.h(23): warning C4091: 'static ': 변수를 선언하지 않으면 'CLabel::Type3D' 왼쪽은 무시됩니다.
c:\projects\offline thickness\[5]속도 기능 추가\offlinethickness\label.h(24): warning C4091: 'static ': 변수를 선언하지 않으면 'CLabel::BackFillMode' 왼쪽은 무시됩니다.
  ini.cpp
c:\projects\offline thickness\[5]속도 기능 추가\offlinethickness\ini.cpp(24): warning C4996: '_splitpath': This function or variable may be unsafe. Consider using _splitpath_s instead. To disable deprecation, use _CRT_SECURE_NO_WARNINGS. See online help for details.
  c:\program files (x86)\windows kits\10\include\10.0.10240.0\ucrt\stdlib.h(1096): note: '_splitpath' 선언을 참조하십시오.
c:\projects\offline thickness\[5]속도 기능 추가\offlinethickness\ini.cpp(34): warning C4996: '_splitpath': This function or variable may be unsafe. Consider using _splitpath_s instead. To disable deprecation, use _CRT_SECURE_NO_WARNINGS. See online help for details.
  c:\program files (x86)\windows kits\10\include\10.0.10240.0\ucrt\stdlib.h(1096): note: '_splitpath' 선언을 참조하십시오.
c:\projects\offline thickness\[5]속도 기능 추가\offlinethickness\ini.cpp(55): warning C4996: '_splitpath': This function or variable may be unsafe. Consider using _splitpath_s instead. To disable deprecation, use _CRT_SECURE_NO_WARNINGS. See online help for details.
  c:\program files (x86)\windows kits\10\include\10.0.10240.0\ucrt\stdlib.h(1096): note: '_splitpath' 선언을 참조하십시오.
c:\projects\offline thickness\[5]속도 기능 추가\offlinethickness\ini.cpp(203): warning C4996: 'sscanf': This function or variable may be unsafe. Consider using sscanf_s instead. To disable deprecation, use _CRT_SECURE_NO_WARNINGS. See online help for details.
  c:\program files (x86)\windows kits\10\include\10.0.10240.0\ucrt\stdio.h(2254): note: 'sscanf' 선언을 참조하십시오.
c:\projects\offline thickness\[5]속도 기능 추가\offlinethickness\ini.cpp(215): warning C4996: 'sscanf': This function or variable may be unsafe. Consider using sscanf_s instead. To disable deprecation, use _CRT_SECURE_NO_WARNINGS. See online help for details.
  c:\program files (x86)\windows kits\10\include\10.0.10240.0\ucrt\stdio.h(2254): note: 'sscanf' 선언을 참조하십시오.
c:\projects\offline thickness\[5]속도 기능 추가\offlinethickness\ini.cpp(229): warning C4996: 'sscanf': This function or variable may be unsafe. Consider using sscanf_s instead. To disable deprecation, use _CRT_SECURE_NO_WARNINGS. See online help for details.
  c:\program files (x86)\windows kits\10\include\10.0.10240.0\ucrt\stdio.h(2254): note: 'sscanf' 선언을 참조하십시오.
  ChartViewer.cpp
  코드를 생성하고 있습니다...
  LINK : C:\Projects\OffLine Thickness\[5]속도 기능 추가\Debug\OffLineThickness.exe을(를) 찾을 수 없거나 마지막 증분 링크에 의해 빌드되지 않았습니다. 전체 링크를 수행하고 있습니다.
  OffLineThickness.vcxproj -> C:\Projects\OffLine Thickness\[5]속도 기능 추가\Debug\OffLineThickness.exe
  OffLineThickness.vcxproj -> C:\Projects\OffLine Thickness\[5]속도 기능 추가\Debug\OffLineThickness.pdb (Full PDB)
